C:\Users\The0s\Desktop\Project Files\HCRF2.0b\libs\shared\hCRF\Debug\cl.command.1.tlog
C:\Users\The0s\Desktop\Project Files\HCRF2.0b\libs\shared\hCRF\Debug\CL.read.1.tlog
C:\Users\The0s\Desktop\Project Files\HCRF2.0b\libs\shared\hCRF\Debug\CL.write.1.tlog
C:\USERS\THE0S\DESKTOP\PROJECT FILES\HCRF2.0B\LIBS\SHARED\HCRF\DEBUG\DATASET.OBJ
C:\USERS\THE0S\DESKTOP\PROJECT FILES\HCRF2.0B\LIBS\SHARED\HCRF\DEBUG\DUMMYS.OBJ
C:\USERS\THE0S\DESKTOP\PROJECT FILES\HCRF2.0B\LIBS\SHARED\HCRF\DEBUG\EDGEFEATURES.OBJ
C:\USERS\THE0S\DESKTOP\PROJECT FILES\HCRF2.0B\LIBS\SHARED\HCRF\DEBUG\EVALUATOR.OBJ
C:\USERS\THE0S\DESKTOP\PROJECT FILES\HCRF2.0B\LIBS\SHARED\HCRF\DEBUG\EVALUATORCRF.OBJ
C:\USERS\THE0S\DESKTOP\PROJECT FILES\HCRF2.0B\LIBS\SHARED\HCRF\DEBUG\EVALUATORHCRF.OBJ
C:\USERS\THE0S\DESKTOP\PROJECT FILES\HCRF2.0B\LIBS\SHARED\HCRF\DEBUG\EVALUATORLDCRF.OBJ
C:\USERS\THE0S\DESKTOP\PROJECT FILES\HCRF2.0B\LIBS\SHARED\HCRF\DEBUG\FEATUREGENERATOR.OBJ
C:\USERS\THE0S\DESKTOP\PROJECT FILES\HCRF2.0B\LIBS\SHARED\HCRF\DEBUG\FEATURESONE.OBJ
C:\USERS\THE0S\DESKTOP\PROJECT FILES\HCRF2.0B\LIBS\SHARED\HCRF\DEBUG\GRADIENT.OBJ
C:\USERS\THE0S\DESKTOP\PROJECT FILES\HCRF2.0B\LIBS\SHARED\HCRF\DEBUG\GRADIENTCRF.OBJ
C:\USERS\THE0S\DESKTOP\PROJECT FILES\HCRF2.0B\LIBS\SHARED\HCRF\DEBUG\GRADIENTFD.OBJ
C:\USERS\THE0S\DESKTOP\PROJECT FILES\HCRF2.0B\LIBS\SHARED\HCRF\DEBUG\GRADIENTHCRF.OBJ
C:\USERS\THE0S\DESKTOP\PROJECT FILES\HCRF2.0B\LIBS\SHARED\HCRF\DEBUG\GRADIENTLDCRF.OBJ
C:\Users\The0s\Desktop\Project Files\HCRF2.0b\libs\shared\hCRF\Debug\hCRF.write.1.tlog
C:\USERS\THE0S\DESKTOP\PROJECT FILES\HCRF2.0B\LIBS\SHARED\HCRF\DEBUG\INFERENCEENGINE.OBJ
C:\USERS\THE0S\DESKTOP\PROJECT FILES\HCRF2.0B\LIBS\SHARED\HCRF\DEBUG\INFERENCEENGINEBRUTE.OBJ
C:\USERS\THE0S\DESKTOP\PROJECT FILES\HCRF2.0B\LIBS\SHARED\HCRF\DEBUG\INFERENCEENGINEFB.OBJ
C:\USERS\THE0S\DESKTOP\PROJECT FILES\HCRF2.0B\LIBS\SHARED\HCRF\DEBUG\LABELEDGEFEATURES.OBJ
C:\Users\The0s\Desktop\Project Files\HCRF2.0b\libs\shared\hCRF\Debug\lib.command.1.tlog
C:\Users\The0s\Desktop\Project Files\HCRF2.0b\libs\shared\hCRF\Debug\Lib-link.read.1.tlog
C:\Users\The0s\Desktop\Project Files\HCRF2.0b\libs\shared\hCRF\Debug\Lib-link.write.1.tlog
C:\USERS\THE0S\DESKTOP\PROJECT FILES\HCRF2.0B\LIBS\SHARED\HCRF\DEBUG\MATRIX.OBJ
C:\USERS\THE0S\DESKTOP\PROJECT FILES\HCRF2.0B\LIBS\SHARED\HCRF\DEBUG\MATRIXSSE2.OBJ
C:\USERS\THE0S\DESKTOP\PROJECT FILES\HCRF2.0B\LIBS\SHARED\HCRF\DEBUG\MODEL.OBJ
C:\USERS\THE0S\DESKTOP\PROJECT FILES\HCRF2.0B\LIBS\SHARED\HCRF\DEBUG\MYFEATURES.OBJ
C:\USERS\THE0S\DESKTOP\PROJECT FILES\HCRF2.0B\LIBS\SHARED\HCRF\DEBUG\MYTOOLBOX.OBJ
C:\USERS\THE0S\DESKTOP\PROJECT FILES\HCRF2.0B\LIBS\SHARED\HCRF\DEBUG\OPTIMIZER.OBJ
C:\USERS\THE0S\DESKTOP\PROJECT FILES\HCRF2.0B\LIBS\SHARED\HCRF\DEBUG\OPTIMIZERCG.OBJ
C:\USERS\THE0S\DESKTOP\PROJECT FILES\HCRF2.0B\LIBS\SHARED\HCRF\DEBUG\OPTIMIZERLBFGS.OBJ
C:\USERS\THE0S\DESKTOP\PROJECT FILES\HCRF2.0B\LIBS\SHARED\HCRF\DEBUG\OPTIMIZERUNCOPTIM.OBJ
C:\USERS\THE0S\DESKTOP\PROJECT FILES\HCRF2.0B\LIBS\SHARED\HCRF\DEBUG\RAWFEATURES.OBJ
C:\USERS\THE0S\DESKTOP\PROJECT FILES\HCRF2.0B\LIBS\SHARED\HCRF\DEBUG\RAWFEATURESSQUARE.OBJ
C:\Users\The0s\Desktop\Project Files\HCRF2.0b\libs\shared\hCRF\Debug\ResolveAssemblyReference.cache
C:\USERS\THE0S\DESKTOP\PROJECT FILES\HCRF2.0B\LIBS\SHARED\HCRF\DEBUG\TOOLBOX.OBJ
C:\USERS\THE0S\DESKTOP\PROJECT FILES\HCRF2.0B\LIBS\SHARED\HCRF\DEBUG\TOOLBOXCRF.OBJ
C:\USERS\THE0S\DESKTOP\PROJECT FILES\HCRF2.0B\LIBS\SHARED\HCRF\DEBUG\TOOLBOXGHCRF.OBJ
C:\USERS\THE0S\DESKTOP\PROJECT FILES\HCRF2.0B\LIBS\SHARED\HCRF\DEBUG\TOOLBOXHCRF.OBJ
C:\USERS\THE0S\DESKTOP\PROJECT FILES\HCRF2.0B\LIBS\SHARED\HCRF\DEBUG\TOOLBOXLDCRF.OBJ
C:\USERS\THE0S\DESKTOP\PROJECT FILES\HCRF2.0B\LIBS\SHARED\HCRF\DEBUG\WINDOWRAWFEATURES.OBJ
C:\USERS\THE0S\DESKTOP\PROJECT FILES\HCRF2.0B\LIBS\SHARED\HCRF\LIB\HCRFD.LIB
